RemoteControl(24)/app/build/outputs/logs/manifest-merger-debug-report.txt
-- Merging decision tree log ---
manifest
ADDED from src\main\AndroidManifest.xml:1:1-26:12
	package
		ADDED from src\main\AndroidManifest.xml:2:3-51
		INJECTED from src\main\AndroidManifest.xml
		INJECTED from src\main\AndroidManifest.xml
	android:versionName
		ADDED from src\main\AndroidManifest.xml:4:3-28
	android:versionCode
		ADDED from src\main\AndroidManifest.xml:3:3-26
		INJECTED from src\main\AndroidManifest.xml
		INJECTED from src\main\AndroidManifest.xml
	xmlns:android
		ADDED from src\main\AndroidManifest.xml:1:11-69
uses-sdk
ADDED from src\main\AndroidManifest.xml:6:3-8:37
	android:targetSdkVersion
		ADDED from src\main\AndroidManifest.xml:8:5-34
		INJECTED from src\main\AndroidManifest.xml
		INJECTED from src\main\AndroidManifest.xml
	android:minSdkVersion
		ADDED from src\main\AndroidManifest.xml:7:5-30
		INJECTED from src\main\AndroidManifest.xml
		INJECTED from src\main\AndroidManifest.xml
application
ADDED from src\main\AndroidManifest.xml:10:3-24:17
	android:label
		ADDED from src\main\AndroidManifest.xml:12:5-37
	android:icon
		ADDED from src\main\AndroidManifest.xml:11:5-41
	android:theme
		ADDED from src\main\AndroidManifest.xml:13:5-36
activity#com.bignerdranch.android.remotecontrol.RemoteControlActivity
ADDED from src\main\AndroidManifest.xml:14:5-23:16
	android:screenOrientation
		ADDED from src\main\AndroidManifest.xml:17:7-43
	android:label
		ADDED from src\main\AndroidManifest.xml:16:7-60
	android:name
		ADDED from src\main\AndroidManifest.xml:15:7-44
intent-filter#android.intent.action.MAIN+android.intent.category.LAUNCHER
ADDED from src\main\AndroidManifest.xml:18:7-22:23
action#android.intent.action.MAIN
ADDED from src\main\AndroidManifest.xml:19:9-61
	android:name
		ADDED from src\main\AndroidManifest.xml:19:17-58
category#android.intent.category.LAUNCHER
ADDED from src\main\AndroidManifest.xml:21:9-69
	android:name
		ADDED from src\main\AndroidManifest.xml:21:19-66